0 info it worked if it ends with ok
1 verbose cli [ '/usr/local/bin/iojs', '/usr/local/bin/npm', 'run', 'test' ]
2 info using npm@3.10.3
3 info using node@v6.6.0
4 verbose run-script [ 'pretest', 'test', 'posttest' ]
5 info lifecycle node-chat-app@1.0.0~pretest: node-chat-app@1.0.0
6 silly lifecycle node-chat-app@1.0.0~pretest: no script for pretest, continuing
7 info lifecycle node-chat-app@1.0.0~test: node-chat-app@1.0.0
8 verbose lifecycle node-chat-app@1.0.0~test: unsafe-perm in lifecycle true
9 verbose lifecycle node-chat-app@1.0.0~test: PATH: /usr/local/lib/node_modules/npm/bin/node-gyp-bin:/Users/Sherwin/Desktop/node-chat-app/node_modules/.bin:/usr/local/bin:/Users/Sherwin/.rvm/gems/ruby-2.2.4/bin:/Users/Sherwin/.rvm/gems/ruby-2.2.4@global/bin:/Users/Sherwin/.rvm/rubies/ruby-2.2.4/bin:/usr/local/bin:/usr/bin:/bin:/usr/sbin:/sbin:/Users/Sherwin/.rvm/gems/ruby-2.2.4/bin:/Users/Sherwin/.rvm/gems/ruby-2.2.4@global/bin:/Users/Sherwin/.rvm/rubies/ruby-2.2.4/bin:/Users/Sherwin/.rvm/bin
10 verbose lifecycle node-chat-app@1.0.0~test: CWD: /Users/Sherwin/Desktop/node-chat-app
11 silly lifecycle node-chat-app@1.0.0~test: Args: [ '-c', 'mocha server/**/*.test.js' ]
12 silly lifecycle node-chat-app@1.0.0~test: Returned: code: 2  signal: null
13 info lifecycle node-chat-app@1.0.0~test: Failed to exec test script
14 verbose stack Error: node-chat-app@1.0.0 test: `mocha server/**/*.test.js`
14 verbose stack Exit status 2
14 verbose stack     at EventEmitter.<anonymous> (/usr/local/lib/node_modules/npm/lib/utils/lifecycle.js:242:16)
14 verbose stack     at emitTwo (events.js:106:13)
14 verbose stack     at EventEmitter.emit (events.js:191:7)
14 verbose stack     at ChildProcess.<anonymous> (/usr/local/lib/node_modules/npm/lib/utils/spawn.js:40:14)
14 verbose stack     at emitTwo (events.js:106:13)
14 verbose stack     at ChildProcess.emit (events.js:191:7)
14 verbose stack     at maybeClose (internal/child_process.js:877:16)
14 verbose stack     at Process.ChildProcess._handle.onexit (internal/child_process.js:226:5)
15 verbose pkgid node-chat-app@1.0.0
16 verbose cwd /Users/Sherwin/Desktop/node-chat-app
17 error Darwin 16.5.0
18 error argv "/usr/local/bin/iojs" "/usr/local/bin/npm" "run" "test"
19 error node v6.6.0
20 error npm  v3.10.3
21 error code ELIFECYCLE
22 error node-chat-app@1.0.0 test: `mocha server/**/*.test.js`
22 error Exit status 2
23 error Failed at the node-chat-app@1.0.0 test script 'mocha server/**/*.test.js'.
23 error Make sure you have the latest version of node.js and npm installed.
23 error If you do, this is most likely a problem with the node-chat-app package,
23 error not with npm itself.
23 error Tell the author that this fails on your system:
23 error     mocha server/**/*.test.js
23 error You can get information on how to open an issue for this project with:
23 error     npm bugs node-chat-app
23 error Or if that isn't available, you can get their info via:
23 error     npm owner ls node-chat-app
23 error There is likely additional logging output above.
24 verbose exit [ 1, true ]
